The system is: Linux - 3.10.0-1127.10.1.el7.x86_64 - x86_64
Compiling the C compiler identification source file "CMakeCCompilerId.c" succeeded.
Compiler: /opt/rh/devtoolset-9/root/usr/bin/cc 
Build flags: 
Id flags:  

The output was:
0


Compilation of the C compiler identification source "CMakeCCompilerId.c" produced "a.out"

The C compiler identification is GNU, found in "/user/4/boukhrin/Documents/Version_Finale/cmake-build-debug/CMakeFiles/3.14.3/CompilerIdC/a.out"

Determining if the C compiler works passed with the following output:
Change Dir: /user/4/boukhrin/Documents/Version_Finale/cmake-build-debug/CMakeFiles/CMakeTmp

Run Build Command(s):/opt/rh/devtoolset-9/root/usr/bin/gmake cmTC_e3f5a/fast 
/opt/rh/devtoolset-9/root/usr/bin/gmake -f CMakeFiles/cmTC_e3f5a.dir/build.make CMakeFiles/cmTC_e3f5a.dir/build
gmake[1]: Entering directory '/user/4/.base/boukhrin/home/Documents/Version_Finale/cmake-build-debug/CMakeFiles/CMakeTmp'
Building C object CMakeFiles/cmTC_e3f5a.dir/testCCompiler.c.o
/opt/rh/devtoolset-9/root/usr/bin/cc    -o CMakeFiles/cmTC_e3f5a.dir/testCCompiler.c.o   -c /user/4/boukhrin/Documents/Version_Finale/cmake-build-debug/CMakeFiles/CMakeTmp/testCCompiler.c
Linking C executable cmTC_e3f5a
/opt/clion-2019.1.3/bin/cmake/linux/bin/cmake -E cmake_link_script CMakeFiles/cmTC_e3f5a.dir/link.txt --verbose=1
/opt/rh/devtoolset-9/root/usr/bin/cc      CMakeFiles/cmTC_e3f5a.dir/testCCompiler.c.o  -o cmTC_e3f5a 
gmake[1]: Leaving directory '/user/4/.base/boukhrin/home/Documents/Version_Finale/cmake-build-debug/CMakeFiles/CMakeTmp'


Detecting C compiler ABI info compiled with the following output:
Change Dir: /user/4/boukhrin/Documents/Version_Finale/cmake-build-debug/CMakeFiles/CMakeTmp

Run Build Command(s):/opt/rh/devtoolset-9/root/usr/bin/gmake cmTC_640eb/fast 
/opt/rh/devtoolset-9/root/usr/bin/gmake -f CMakeFiles/cmTC_640eb.dir/build.make CMakeFiles/cmTC_640eb.dir/build
gmake[1]: Entering directory '/user/4/.base/boukhrin/home/Documents/Version_Finale/cmake-build-debug/CMakeFiles/CMakeTmp'
Building C object CMakeFiles/cmTC_640eb.dir/CMakeCCompilerABI.c.o
/opt/rh/devtoolset-9/root/usr/bin/cc   -v -o CMakeFiles/cmTC_640eb.dir/CMakeCCompilerABI.c.o   -c /opt/clion-2019.1.3/bin/cmake/linux/share/cmake-3.14/Modules/CMakeCCompilerABI.c
Using built-in specs.
COLLECT_GCC=/opt/rh/devtoolset-9/root/usr/bin/cc
Target: x86_64-redhat-linux
Configured with: ../configure --enable-bootstrap --enable-languages=c,c++,fortran,lto --prefix=/opt/rh/devtoolset-9/root/usr --mandir=/opt/rh/devtoolset-9/root/usr/share/man --infodir=/opt/rh/devtoolset-9/root/usr/share/info --with-bugurl=http://bugzilla.redhat.com/bugzilla --enable-shared --enable-threads=posix --enable-checking=release --enable-multilib --with-system-zlib --enable-__cxa_atexit --disable-libunwind-exceptions --enable-gnu-unique-object --enable-linker-build-id --with-gcc-major-version-only --with-linker-hash-style=gnu --with-default-libstdcxx-abi=gcc4-compatible --enable-plugin --enable-initfini-array --with-isl=/builddir/build/BUILD/gcc-9.3.1-20200408/obj-x86_64-redhat-linux/isl-install --disable-libmpx --enable-gnu-indirect-function --with-tune=generic --with-arch_32=x86-64 --build=x86_64-redhat-linux
Thread model: posix
gcc version 9.3.1 20200408 (Red Hat 9.3.1-2) (GCC) 
COLLECT_GCC_OPTIONS='-v' '-o' 'CMakeFiles/cmTC_640eb.dir/CMakeCCompilerABI.c.o' '-c' '-mtune=generic' '-march=x86-64'
 /opt/rh/devtoolset-9/root/usr/libexec/gcc/x86_64-redhat-linux/9/cc1 -quiet -v /opt/clion-2019.1.3/bin/cmake/linux/share/cmake-3.14/Modules/CMakeCCompilerABI.c -quiet -dumpbase CMakeCCompilerABI.c -mtune=generic -march=x86-64 -auxbase-strip CMakeFiles/cmTC_640eb.dir/CMakeCCompilerABI.c.o -version -o /tmp/ccWfvThL.s
GNU C17 (GCC) version 9.3.1 20200408 (Red Hat 9.3.1-2) (x86_64-redhat-linux)
	compiled by GNU C version 9.3.1 20200408 (Red Hat 9.3.1-2), GMP version 6.0.0, MPFR version 3.1.1, MPC version 1.0.1, isl version isl-0.16.1-GMP

GGC heuristics: --param ggc-min-expand=100 --param ggc-min-heapsize=131072
ignoring nonexistent directory "/opt/rh/devtoolset-9/root/usr/lib/gcc/x86_64-redhat-linux/9/include-fixed"
ignoring nonexistent directory "/opt/rh/devtoolset-9/root/usr/lib/gcc/x86_64-redhat-linux/9/../../../../x86_64-redhat-linux/include"
#include "..." search starts here:
#include <...> search starts here:
 /opt/rh/devtoolset-9/root/usr/lib/gcc/x86_64-redhat-linux/9/include
 /usr/local/include
 /opt/rh/devtoolset-9/root/usr/include
 /usr/include
End of search list.
GNU C17 (GCC) version 9.3.1 20200408 (Red Hat 9.3.1-2) (x86_64-redhat-linux)
	compiled by GNU C version 9.3.1 20200408 (Red Hat 9.3.1-2), GMP version 6.0.0, MPFR version 3.1.1, MPC version 1.0.1, isl version isl-0.16.1-GMP

GGC heuristics: --param ggc-min-expand=100 --param ggc-min-heapsize=131072
Compiler executable checksum: 4d29869020d59f59ddd5b44c083cb3ba
COLLECT_GCC_OPTIONS='-v' '-o' 'CMakeFiles/cmTC_640eb.dir/CMakeCCompilerABI.c.o' '-c' '-mtune=generic' '-march=x86-64'
 /opt/rh/devtoolset-9/root/usr/libexec/gcc/x86_64-redhat-linux/9/as -v --64 -o CMakeFiles/cmTC_640eb.dir/CMakeCCompilerABI.c.o /tmp/ccWfvThL.s
GNU assembler version 2.32 (x86_64-redhat-linux) using BFD version version 2.32-16.el7
COMPILER_PATH=/opt/rh/devtoolset-9/root/usr/libexec/gcc/x86_64-redhat-linux/9/:/opt/rh/devtoolset-9/root/usr/libexec/gcc/x86_64-redhat-linux/9/:/opt/rh/devtoolset-9/root/usr/libexec/gcc/x86_64-redhat-linux/:/opt/rh/devtoolset-9/root/usr/lib/gcc/x86_64-redhat-linux/9/:/opt/rh/devtoolset-9/root/usr/lib/gcc/x86_64-redhat-linux/
LIBRARY_PATH=/opt/rh/devtoolset-9/root/usr/lib/gcc/x86_64-redhat-linux/9/:/opt/rh/devtoolset-9/root/usr/lib/gcc/x86_64-redhat-linux/9/../../../../lib64/:/lib/../lib64/:/usr/lib/../lib64/:./:/opt/rh/devtoolset-9/root/usr/lib/gcc/x86_64-redhat-linux/9/../../../:/lib/:/usr/lib/
COLLECT_GCC_OPTIONS='-v' '-o' 'CMakeFiles/cmTC_640eb.dir/CMakeCCompilerABI.c.o' '-c' '-mtune=generic' '-march=x86-64'
Linking C executable cmTC_640eb
/opt/clion-2019.1.3/bin/cmake/linux/bin/cmake -E cmake_link_script CMakeFiles/cmTC_640eb.dir/link.txt --verbose=1
/opt/rh/devtoolset-9/root/usr/bin/cc     -v CMakeFiles/cmTC_640eb.dir/CMakeCCompilerABI.c.o  -o cmTC_640eb 
Using built-in specs.
COLLECT_GCC=/opt/rh/devtoolset-9/root/usr/bin/cc
COLLECT_LTO_WRAPPER=/opt/rh/devtoolset-9/root/usr/libexec/gcc/x86_64-redhat-linux/9/lto-wrapper
Target: x86_64-redhat-linux
Configured with: ../configure --enable-bootstrap --enable-languages=c,c++,fortran,lto --prefix=/opt/rh/devtoolset-9/root/usr --mandir=/opt/rh/devtoolset-9/root/usr/share/man --infodir=/opt/rh/devtoolset-9/root/usr/share/info --with-bugurl=http://bugzilla.redhat.com/bugzilla --enable-shared --enable-threads=posix --enable-checking=release --enable-multilib --with-system-zlib --enable-__cxa_atexit --disable-libunwind-exceptions --enable-gnu-unique-object --enable-linker-build-id --with-gcc-major-version-only --with-linker-hash-style=gnu --with-default-libstdcxx-abi=gcc4-compatible --enable-plugin --enable-initfini-array --with-isl=/builddir/build/BUILD/gcc-9.3.1-20200408/obj-x86_64-redhat-linux/isl-install --disable-libmpx --enable-gnu-indirect-function --with-tune=generic --with-arch_32=x86-64 --build=x86_64-redhat-linux
Thread model: posix
gcc version 9.3.1 20200408 (Red Hat 9.3.1-2) (GCC) 
COMPILER_PATH=/opt/rh/devtoolset-9/root/usr/libexec/gcc/x86_64-redhat-linux/9/:/opt/rh/devtoolset-9/root/usr/libexec/gcc/x86_64-redhat-linux/9/:/opt/rh/devtoolset-9/root/usr/libexec/gcc/x86_64-redhat-linux/:/opt/rh/devtoolset-9/root/usr/lib/gcc/x86_64-redhat-linux/9/:/opt/rh/devtoolset-9/root/usr/lib/gcc/x86_64-redhat-linux/
LIBRARY_PATH=/opt/rh/devtoolset-9/root/usr/lib/gcc/x86_64-redhat-linux/9/:/opt/rh/devtoolset-9/root/usr/lib/gcc/x86_64-redhat-linux/9/../../../../lib64/:/lib/../lib64/:/usr/lib/../lib64/:./:/opt/rh/devtoolset-9/root/usr/lib/gcc/x86_64-redhat-linux/9/../../../:/lib/:/usr/lib/
COLLECT_GCC_OPTIONS='-v' '-o' 'cmTC_640eb' '-mtune=generic' '-march=x86-64'
 /opt/rh/devtoolset-9/root/usr/libexec/gcc/x86_64-redhat-linux/9/collect2 -plugin /opt/rh/devtoolset-9/root/usr/libexec/gcc/x86_64-redhat-linux/9/liblto_plugin.so -plugin-opt=/opt/rh/devtoolset-9/root/usr/libexec/gcc/x86_64-redhat-linux/9/lto-wrapper -plugin-opt=-fresolution=/tmp/ccpn7B4N.res -plugin-opt=-pass-through=-lgcc -plugin-opt=-pass-through=-lgcc_s -plugin-opt=-pass-through=-lc -plugin-opt=-pass-through=-lgcc -plugin-opt=-pass-through=-lgcc_s --build-id --no-add-needed --eh-frame-hdr --hash-style=gnu -m elf_x86_64 -dynamic-linker /lib64/ld-linux-x86-64.so.2 -o cmTC_640eb /lib/../lib64/crt1.o /lib/../lib64/crti.o /opt/rh/devtoolset-9/root/usr/lib/gcc/x86_64-redhat-linux/9/crtbegin.o -L/opt/rh/devtoolset-9/root/usr/lib/gcc/x86_64-redhat-linux/9 -L/opt/rh/devtoolset-9/root/usr/lib/gcc/x86_64-redhat-linux/9/../../../../lib64 -L/lib/../lib64 -L/usr/lib/../lib64 -L. -L/opt/rh/devtoolset-9/root/usr/lib/gcc/x86_64-redhat-linux/9/../../.. CMakeFiles/cmTC_640eb.dir/CMakeCCompilerABI.c.o -lgcc --push-state --as-needed -lgcc_s --pop-state -lc -lgcc --push-state --as-needed -lgcc_s --pop-state /opt/rh/devtoolset-9/root/usr/lib/gcc/x86_64-redhat-linux/9/crtend.o /lib/../lib64/crtn.o
COLLECT_GCC_OPTIONS='-v' '-o' 'cmTC_640eb' '-mtune=generic' '-march=x86-64'
gmake[1]: Leaving directory '/user/4/.base/boukhrin/home/Documents/Version_Finale/cmake-build-debug/CMakeFiles/CMakeTmp'


Parsed C implicit include dir info from above output: rv=done
  found start of include info
  found start of implicit include info
    add: [/opt/rh/devtoolset-9/root/usr/lib/gcc/x86_64-redhat-linux/9/include]
    add: [/usr/local/include]
    add: [/opt/rh/devtoolset-9/root/usr/include]
    add: [/usr/include]
  end of search list found
  collapse include dir [/opt/rh/devtoolset-9/root/usr/lib/gcc/x86_64-redhat-linux/9/include] ==> [/opt/rh/devtoolset-9/root/usr/lib/gcc/x86_64-redhat-linux/9/include]
  collapse include dir [/usr/local/include] ==> [/usr/local/include]
  collapse include dir [/opt/rh/devtoolset-9/root/usr/include] ==> [/opt/rh/devtoolset-9/root/usr/include]
  collapse include dir [/usr/include] ==> [/usr/include]
  implicit include dirs: [/opt/rh/devtoolset-9/root/usr/lib/gcc/x86_64-redhat-linux/9/include;/usr/local/include;/opt/rh/devtoolset-9/root/usr/include;/usr/include]


Parsed C implicit link information from above output:
  link line regex: [^( *|.*[/\])(ld|CMAKE_LINK_STARTFILE-NOTFOUND|([^/\]+-)?ld|collect2)[^/\]*( |$)]
  ignore line: [Change Dir: /user/4/boukhrin/Documents/Version_Finale/cmake-build-debug/CMakeFiles/CMakeTmp]
  ignore line: []
  ignore line: [Run Build Command(s):/opt/rh/devtoolset-9/root/usr/bin/gmake cmTC_640eb/fast ]
  ignore line: [/opt/rh/devtoolset-9/root/usr/bin/gmake -f CMakeFiles/cmTC_640eb.dir/build.make CMakeFiles/cmTC_640eb.dir/build]
  ignore line: [gmake[1]: Entering directory '/user/4/.base/boukhrin/home/Documents/Version_Finale/cmake-build-debug/CMakeFiles/CMakeTmp']
  ignore line: [Building C object CMakeFiles/cmTC_640eb.dir/CMakeCCompilerABI.c.o]
  ignore line: [/opt/rh/devtoolset-9/root/usr/bin/cc   -v -o CMakeFiles/cmTC_640eb.dir/CMakeCCompilerABI.c.o   -c /opt/clion-2019.1.3/bin/cmake/linux/share/cmake-3.14/Modules/CMakeCCompilerABI.c]
  ignore line: [Using built-in specs.]
  ignore line: [COLLECT_GCC=/opt/rh/devtoolset-9/root/usr/bin/cc]
  ignore line: [Target: x86_64-redhat-linux]
  ignore line: [Configured with: ../configure --enable-bootstrap --enable-languages=c,c++,fortran,lto --prefix=/opt/rh/devtoolset-9/root/usr --mandir=/opt/rh/devtoolset-9/root/usr/share/man --infodir=/opt/rh/devtoolset-9/root/usr/share/info --with-bugurl=http://bugzilla.redhat.com/bugzilla --enable-shared --enable-threads=posix --enable-checking=release --enable-multilib --with-system-zlib --enable-__cxa_atexit --disable-libunwind-exceptions --enable-gnu-unique-object --enable-linker-build-id --with-gcc-major-version-only --with-linker-hash-style=gnu --with-default-libstdcxx-abi=gcc4-compatible --enable-plugin --enable-initfini-array --with-isl=/builddir/build/BUILD/gcc-9.3.1-20200408/obj-x86_64-redhat-linux/isl-install --disable-libmpx --enable-gnu-indirect-function --with-tune=generic --with-arch_32=x86-64 --build=x86_64-redhat-linux]
  ignore line: [Thread model: posix]
  ignore line: [gcc version 9.3.1 20200408 (Red Hat 9.3.1-2) (GCC) ]
  ignore line: [COLLECT_GCC_OPTIONS='-v' '-o' 'CMakeFiles/cmTC_640eb.dir/CMakeCCompilerABI.c.o' '-c' '-mtune=generic' '-march=x86-64']
  ignore line: [ /opt/rh/devtoolset-9/root/usr/libexec/gcc/x86_64-redhat-linux/9/cc1 -quiet -v /opt/clion-2019.1.3/bin/cmake/linux/share/cmake-3.14/Modules/CMakeCCompilerABI.c -quiet -dumpbase CMakeCCompilerABI.c -mtune=generic -march=x86-64 -auxbase-strip CMakeFiles/cmTC_640eb.dir/CMakeCCompilerABI.c.o -version -o /tmp/ccWfvThL.s]
  ignore line: [GNU C17 (GCC) version 9.3.1 20200408 (Red Hat 9.3.1-2) (x86_64-redhat-linux)]
  ignore line: [	compiled by GNU C version 9.3.1 20200408 (Red Hat 9.3.1-2), GMP version 6.0.0, MPFR version 3.1.1, MPC version 1.0.1, isl version isl-0.16.1-GMP]
  ignore line: []
  ignore line: [GGC heuristics: --param ggc-min-expand=100 --param ggc-min-heapsize=131072]
  ignore line: [ignoring nonexistent directory "/opt/rh/devtoolset-9/root/usr/lib/gcc/x86_64-redhat-linux/9/include-fixed"]
  ignore line: [ignoring nonexistent directory "/opt/rh/devtoolset-9/root/usr/lib/gcc/x86_64-redhat-linux/9/../../../../x86_64-redhat-linux/include"]
  ignore line: [#include "..." search starts here:]
  ignore line: [#include <...> search starts here:]
  ignore line: [ /opt/rh/devtoolset-9/root/usr/lib/gcc/x86_64-redhat-linux/9/include]
  ignore line: [ /usr/local/include]
  ignore line: [ /opt/rh/devtoolset-9/root/usr/include]
  ignore line: [ /usr/include]
  ignore line: [End of search list.]
  ignore line: [GNU C17 (GCC) version 9.3.1 20200408 (Red Hat 9.3.1-2) (x86_64-redhat-linux)]
  ignore line: [	compiled by GNU C version 9.3.1 20200408 (Red Hat 9.3.1-2), GMP version 6.0.0, MPFR version 3.1.1, MPC version 1.0.1, isl version isl-0.16.1-GMP]
  ignore line: []
  ignore line: [GGC heuristics: --param ggc-min-expand=100 --param ggc-min-heapsize=131072]
  ignore line: [Compiler executable checksum: 4d29869020d59f59ddd5b44c083cb3ba]
  ignore line: [COLLECT_GCC_OPTIONS='-v' '-o' 'CMakeFiles/cmTC_640eb.dir/CMakeCCompilerABI.c.o' '-c' '-mtune=generic' '-march=x86-64']
  ignore line: [ /opt/rh/devtoolset-9/root/usr/libexec/gcc/x86_64-redhat-linux/9/as -v --64 -o CMakeFiles/cmTC_640eb.dir/CMakeCCompilerABI.c.o /tmp/ccWfvThL.s]
  ignore line: [GNU assembler version 2.32 (x86_64-redhat-linux) using BFD version version 2.32-16.el7]
  ignore line: [COMPILER_PATH=/opt/rh/devtoolset-9/root/usr/libexec/gcc/x86_64-redhat-linux/9/:/opt/rh/devtoolset-9/root/usr/libexec/gcc/x86_64-redhat-linux/9/:/opt/rh/devtoolset-9/root/usr/libexec/gcc/x86_64-redhat-linux/:/opt/rh/devtoolset-9/root/usr/lib/gcc/x86_64-redhat-linux/9/:/opt/rh/devtoolset-9/root/usr/lib/gcc/x86_64-redhat-linux/]
  ignore line: [LIBRARY_PATH=/opt/rh/devtoolset-9/root/usr/lib/gcc/x86_64-redhat-linux/9/:/opt/rh/devtoolset-9/root/usr/lib/gcc/x86_64-redhat-linux/9/../../../../lib64/:/lib/../lib64/:/usr/lib/../lib64/:./:/opt/rh/devtoolset-9/root/usr/lib/gcc/x86_64-redhat-linux/9/../../../:/lib/:/usr/lib/]
  ignore line: [COLLECT_GCC_OPTIONS='-v' '-o' 'CMakeFiles/cmTC_640eb.dir/CMakeCCompilerABI.c.o' '-c' '-mtune=generic' '-march=x86-64']
  ignore line: [Linking C executable cmTC_640eb]
  ignore line: [/opt/clion-2019.1.3/bin/cmake/linux/bin/cmake -E cmake_link_script CMakeFiles/cmTC_640eb.dir/link.txt --verbose=1]
  ignore line: [/opt/rh/devtoolset-9/root/usr/bin/cc     -v CMakeFiles/cmTC_640eb.dir/CMakeCCompilerABI.c.o  -o cmTC_640eb ]
  ignore line: [Using built-in specs.]
  ignore line: [COLLECT_GCC=/opt/rh/devtoolset-9/root/usr/bin/cc]
  ignore line: [COLLECT_LTO_WRAPPER=/opt/rh/devtoolset-9/root/usr/libexec/gcc/x86_64-redhat-linux/9/lto-wrapper]
  ignore line: [Target: x86_64-redhat-linux]
  ignore line: [Configured with: ../configure --enable-bootstrap --enable-languages=c,c++,fortran,lto --prefix=/opt/rh/devtoolset-9/root/usr --mandir=/opt/rh/devtoolset-9/root/usr/share/man --infodir=/opt/rh/devtoolset-9/root/usr/share/info --with-bugurl=http://bugzilla.redhat.com/bugzilla --enable-shared --enable-threads=posix --enable-checking=release --enable-multilib --with-system-zlib --enable-__cxa_atexit --disable-libunwind-exceptions --enable-gnu-unique-object --enable-linker-build-id --with-gcc-major-version-only --with-linker-hash-style=gnu --with-default-libstdcxx-abi=gcc4-compatible --enable-plugin --enable-initfini-array --with-isl=/builddir/build/BUILD/gcc-9.3.1-20200408/obj-x86_64-redhat-linux/isl-install --disable-libmpx --enable-gnu-indirect-function --with-tune=generic --with-arch_32=x86-64 --build=x86_64-redhat-linux]
  ignore line: [Thread model: posix]
  ignore line: [gcc version 9.3.1 20200408 (Red Hat 9.3.1-2) (GCC) ]
  ignore line: [COMPILER_PATH=/opt/rh/devtoolset-9/root/usr/libexec/gcc/x86_64-redhat-linux/9/:/opt/rh/devtoolset-9/root/usr/libexec/gcc/x86_64-redhat-linux/9/:/opt/rh/devtoolset-9/root/usr/libexec/gcc/x86_64-redhat-linux/:/opt/rh/devtoolset-9/root/usr/lib/gcc/x86_64-redhat-linux/9/:/opt/rh/devtoolset-9/root/usr/lib/gcc/x86_64-redhat-linux/]
  ignore line: [LIBRARY_PATH=/opt/rh/devtoolset-9/root/usr/lib/gcc/x86_64-redhat-linux/9/:/opt/rh/devtoolset-9/root/usr/lib/gcc/x86_64-redhat-linux/9/../../../../lib64/:/lib/../lib64/:/usr/lib/../lib64/:./:/opt/rh/devtoolset-9/root/usr/lib/gcc/x86_64-redhat-linux/9/../../../:/lib/:/usr/lib/]
  ignore line: [COLLECT_GCC_OPTIONS='-v' '-o' 'cmTC_640eb' '-mtune=generic' '-march=x86-64']
  link line: [ /opt/rh/devtoolset-9/root/usr/libexec/gcc/x86_64-redhat-linux/9/collect2 -plugin /opt/rh/devtoolset-9/root/usr/libexec/gcc/x86_64-redhat-linux/9/liblto_plugin.so -plugin-opt=/opt/rh/devtoolset-9/root/usr/libexec/gcc/x86_64-redhat-linux/9/lto-wrapper -plugin-opt=-fresolution=/tmp/ccpn7B4N.res -plugin-opt=-pass-through=-lgcc -plugin-opt=-pass-through=-lgcc_s -plugin-opt=-pass-through=-lc -plugin-opt=-pass-through=-lgcc -plugin-opt=-pass-through=-lgcc_s --build-id --no-add-needed --eh-frame-hdr --hash-style=gnu -m elf_x86_64 -dynamic-linker /lib64/ld-linux-x86-64.so.2 -o cmTC_640eb /lib/../lib64/crt1.o /lib/../lib64/crti.o /opt/rh/devtoolset-9/root/usr/lib/gcc/x86_64-redhat-linux/9/crtbegin.o -L/opt/rh/devtoolset-9/root/usr/lib/gcc/x86_64-redhat-linux/9 -L/opt/rh/devtoolset-9/root/usr/lib/gcc/x86_64-redhat-linux/9/../../../../lib64 -L/lib/../lib64 -L/usr/lib/../lib64 -L. -L/opt/rh/devtoolset-9/root/usr/lib/gcc/x86_64-redhat-linux/9/../../.. CMakeFiles/cmTC_640eb.dir/CMakeCCompilerABI.c.o -lgcc --push-state --as-needed -lgcc_s --pop-state -lc -lgcc --push-state --as-needed -lgcc_s --pop-state /opt/rh/devtoolset-9/root/usr/lib/gcc/x86_64-redhat-linux/9/crtend.o /lib/../lib64/crtn.o]
    arg [/opt/rh/devtoolset-9/root/usr/libexec/gcc/x86_64-redhat-linux/9/collect2] ==> ignore
    arg [-plugin] ==> ignore
    arg [/opt/rh/devtoolset-9/root/usr/libexec/gcc/x86_64-redhat-linux/9/liblto_plugin.so] ==> ignore
    arg [-plugin-opt=/opt/rh/devtoolset-9/root/usr/libexec/gcc/x86_64-redhat-linux/9/lto-wrapper] ==> ignore
    arg [-plugin-opt=-fresolution=/tmp/ccpn7B4N.res] ==> ignore
    arg [-plugin-opt=-pass-through=-lgcc] ==> ignore
    arg [-plugin-opt=-pass-through=-lgcc_s] ==> ignore
    arg [-plugin-opt=-pass-through=-lc] ==> ignore
    arg [-plugin-opt=-pass-through=-lgcc] ==> ignore
    arg [-plugin-opt=-pass-through=-lgcc_s] ==> ignore
    arg [--build-id] ==> ignore
    arg [--no-add-needed] ==> ignore
    arg [--eh-frame-hdr] ==> ignore
    arg [--hash-style=gnu] ==> ignore
    arg [-m] ==> ignore
    arg [elf_x86_64] ==> ignore
    arg [-dynamic-linker] ==> ignore
    arg [/lib64/ld-linux-x86-64.so.2] ==> ignore
    arg [-o] ==> ignore
    arg [cmTC_640eb] ==> ignore
    arg [/lib/../lib64/crt1.o] ==> ignore
    arg [/lib/../lib64/crti.o] ==> ignore
    arg [/opt/rh/devtoolset-9/root/usr/lib/gcc/x86_64-redhat-linux/9/crtbegin.o] ==> ignore
    arg [-L/opt/rh/devtoolset-9/root/usr/lib/gcc/x86_64-redhat-linux/9] ==> dir [/opt/rh/devtoolset-9/root/usr/lib/gcc/x86_64-redhat-linux/9]
    arg [-L/opt/rh/devtoolset-9/root/usr/lib/gcc/x86_64-redhat-linux/9/../../../../lib64] ==> dir [/opt/rh/devtoolset-9/root/usr/lib/gcc/x86_64-redhat-linux/9/../../../../lib64]
    arg [-L/lib/../lib64] ==> dir [/lib/../lib64]
    arg [-L/usr/lib/../lib64] ==> dir [/usr/lib/../lib64]
    arg [-L.] ==> ignore
    arg [-L/opt/rh/devtoolset-9/root/usr/lib/gcc/x86_64-redhat-linux/9/../../..] ==> dir [/opt/rh/devtoolset-9/root/usr/lib/gcc/x86_64-redhat-linux/9/../../..]
    arg [CMakeFiles/cmTC_640eb.dir/CMakeCCompilerABI.c.o] ==> ignore
    arg [-lgcc] ==> lib [gcc]
    arg [--push-state] ==> ignore
    arg [--as-needed] ==> ignore
    arg [-lgcc_s] ==> lib [gcc_s]
    arg [--pop-state] ==> ignore
    arg [-lc] ==> lib [c]
    arg [-lgcc] ==> lib [gcc]
    arg [--push-state] ==> ignore
    arg [--as-needed] ==> ignore
    arg [-lgcc_s] ==> lib [gcc_s]
    arg [--pop-state] ==> ignore
    arg [/opt/rh/devtoolset-9/root/usr/lib/gcc/x86_64-redhat-linux/9/crtend.o] ==> ignore
    arg [/lib/../lib64/crtn.o] ==> ignore
  collapse library dir [/opt/rh/devtoolset-9/root/usr/lib/gcc/x86_64-redhat-linux/9] ==> [/opt/rh/devtoolset-9/root/usr/lib/gcc/x86_64-redhat-linux/9]
  collapse library dir [/opt/rh/devtoolset-9/root/usr/lib/gcc/x86_64-redhat-linux/9/../../../../lib64] ==> [/opt/rh/devtoolset-9/root/usr/lib64]
  collapse library dir [/lib/../lib64] ==> [/lib64]
  collapse library dir [/usr/lib/../lib64] ==> [/usr/lib64]
  collapse library dir [/opt/rh/devtoolset-9/root/usr/lib/gcc/x86_64-redhat-linux/9/../../..] ==> [/opt/rh/devtoolset-9/root/usr/lib]
  implicit libs: [gcc;gcc_s;c;gcc;gcc_s]
  implicit dirs: [/opt/rh/devtoolset-9/root/usr/lib/gcc/x86_64-redhat-linux/9;/opt/rh/devtoolset-9/root/usr/lib64;/lib64;/usr/lib64;/opt/rh/devtoolset-9/root/usr/lib]
  implicit fwks: []




Detecting C [-std=c11] compiler features compiled with the following output:
Change Dir: /user/4/boukhrin/Documents/Version_Finale/cmake-build-debug/CMakeFiles/CMakeTmp

Run Build Command(s):/opt/rh/devtoolset-9/root/usr/bin/gmake cmTC_09849/fast 
/opt/rh/devtoolset-9/root/usr/bin/gmake -f CMakeFiles/cmTC_09849.dir/build.make CMakeFiles/cmTC_09849.dir/build
gmake[1]: Entering directory '/user/4/.base/boukhrin/home/Documents/Version_Finale/cmake-build-debug/CMakeFiles/CMakeTmp'
Building C object CMakeFiles/cmTC_09849.dir/feature_tests.c.o
/opt/rh/devtoolset-9/root/usr/bin/cc   -std=c11 -o CMakeFiles/cmTC_09849.dir/feature_tests.c.o   -c /user/4/boukhrin/Documents/Version_Finale/cmake-build-debug/CMakeFiles/feature_tests.c
Linking C executable cmTC_09849
/opt/clion-2019.1.3/bin/cmake/linux/bin/cmake -E cmake_link_script CMakeFiles/cmTC_09849.dir/link.txt --verbose=1
/opt/rh/devtoolset-9/root/usr/bin/cc      CMakeFiles/cmTC_09849.dir/feature_tests.c.o  -o cmTC_09849 
gmake[1]: Leaving directory '/user/4/.base/boukhrin/home/Documents/Version_Finale/cmake-build-debug/CMakeFiles/CMakeTmp'


    Feature record: C_FEATURE:1c_function_prototypes
    Feature record: C_FEATURE:1c_restrict
    Feature record: C_FEATURE:1c_static_assert
    Feature record: C_FEATURE:1c_variadic_macros


Detecting C [-std=c99] compiler features compiled with the following output:
Change Dir: /user/4/boukhrin/Documents/Version_Finale/cmake-build-debug/CMakeFiles/CMakeTmp

Run Build Command(s):/opt/rh/devtoolset-9/root/usr/bin/gmake cmTC_643c9/fast 
/opt/rh/devtoolset-9/root/usr/bin/gmake -f CMakeFiles/cmTC_643c9.dir/build.make CMakeFiles/cmTC_643c9.dir/build
gmake[1]: Entering directory '/user/4/.base/boukhrin/home/Documents/Version_Finale/cmake-build-debug/CMakeFiles/CMakeTmp'
Building C object CMakeFiles/cmTC_643c9.dir/feature_tests.c.o
/opt/rh/devtoolset-9/root/usr/bin/cc   -std=c99 -o CMakeFiles/cmTC_643c9.dir/feature_tests.c.o   -c /user/4/boukhrin/Documents/Version_Finale/cmake-build-debug/CMakeFiles/feature_tests.c
Linking C executable cmTC_643c9
/opt/clion-2019.1.3/bin/cmake/linux/bin/cmake -E cmake_link_script CMakeFiles/cmTC_643c9.dir/link.txt --verbose=1
/opt/rh/devtoolset-9/root/usr/bin/cc      CMakeFiles/cmTC_643c9.dir/feature_tests.c.o  -o cmTC_643c9 
gmake[1]: Leaving directory '/user/4/.base/boukhrin/home/Documents/Version_Finale/cmake-build-debug/CMakeFiles/CMakeTmp'


    Feature record: C_FEATURE:1c_function_prototypes
    Feature record: C_FEATURE:1c_restrict
    Feature record: C_FEATURE:0c_static_assert
    Feature record: C_FEATURE:1c_variadic_macros


Detecting C [-std=c90] compiler features compiled with the following output:
Change Dir: /user/4/boukhrin/Documents/Version_Finale/cmake-build-debug/CMakeFiles/CMakeTmp

Run Build Command(s):/opt/rh/devtoolset-9/root/usr/bin/gmake cmTC_18aaf/fast 
/opt/rh/devtoolset-9/root/usr/bin/gmake -f CMakeFiles/cmTC_18aaf.dir/build.make CMakeFiles/cmTC_18aaf.dir/build
gmake[1]: Entering directory '/user/4/.base/boukhrin/home/Documents/Version_Finale/cmake-build-debug/CMakeFiles/CMakeTmp'
Building C object CMakeFiles/cmTC_18aaf.dir/feature_tests.c.o
/opt/rh/devtoolset-9/root/usr/bin/cc   -std=c90 -o CMakeFiles/cmTC_18aaf.dir/feature_tests.c.o   -c /user/4/boukhrin/Documents/Version_Finale/cmake-build-debug/CMakeFiles/feature_tests.c
Linking C executable cmTC_18aaf
/opt/clion-2019.1.3/bin/cmake/linux/bin/cmake -E cmake_link_script CMakeFiles/cmTC_18aaf.dir/link.txt --verbose=1
/opt/rh/devtoolset-9/root/usr/bin/cc      CMakeFiles/cmTC_18aaf.dir/feature_tests.c.o  -o cmTC_18aaf 
gmake[1]: Leaving directory '/user/4/.base/boukhrin/home/Documents/Version_Finale/cmake-build-debug/CMakeFiles/CMakeTmp'


    Feature record: C_FEATURE:1c_function_prototypes
    Feature record: C_FEATURE:0c_restrict
    Feature record: C_FEATURE:0c_static_assert
    Feature record: C_FEATURE:0c_variadic_macros
Compiling the CXX compiler identification source file "CMakeCXXCompilerId.cpp" succeeded.
Compiler: /opt/rh/devtoolset-9/root/usr/bin/c++ 
Build flags: 
Id flags:  

The output was:
0


Compilation of the CXX compiler identification source "CMakeCXXCompilerId.cpp" produced "a.out"

The CXX compiler identification is GNU, found in "/user/4/boukhrin/Documents/Version_Finale/cmake-build-debug/CMakeFiles/3.14.3/CompilerIdCXX/a.out"

Determining if the CXX compiler works passed with the following output:
Change Dir: /user/4/boukhrin/Documents/Version_Finale/cmake-build-debug/CMakeFiles/CMakeTmp

Run Build Command(s):/opt/rh/devtoolset-9/root/usr/bin/gmake cmTC_92643/fast 
/opt/rh/devtoolset-9/root/usr/bin/gmake -f CMakeFiles/cmTC_92643.dir/build.make CMakeFiles/cmTC_92643.dir/build
gmake[1]: Entering directory '/user/4/.base/boukhrin/home/Documents/Version_Finale/cmake-build-debug/CMakeFiles/CMakeTmp'
Building CXX object CMakeFiles/cmTC_92643.dir/testCXXCompiler.cxx.o
/opt/rh/devtoolset-9/root/usr/bin/c++     -o CMakeFiles/cmTC_92643.dir/testCXXCompiler.cxx.o -c /user/4/boukhrin/Documents/Version_Finale/cmake-build-debug/CMakeFiles/CMakeTmp/testCXXCompiler.cxx
Linking CXX executable cmTC_92643
/opt/clion-2019.1.3/bin/cmake/linux/bin/cmake -E cmake_link_script CMakeFiles/cmTC_92643.dir/link.txt --verbose=1
/opt/rh/devtoolset-9/root/usr/bin/c++       -rdynamic CMakeFiles/cmTC_92643.dir/testCXXCompiler.cxx.o  -o cmTC_92643 
gmake[1]: Leaving directory '/user/4/.base/boukhrin/home/Documents/Version_Finale/cmake-build-debug/CMakeFiles/CMakeTmp'


Detecting CXX compiler ABI info compiled with the following output:
Change Dir: /user/4/boukhrin/Documents/Version_Finale/cmake-build-debug/CMakeFiles/CMakeTmp

Run Build Command(s):/opt/rh/devtoolset-9/root/usr/bin/gmake cmTC_5f019/fast 
/opt/rh/devtoolset-9/root/usr/bin/gmake -f CMakeFiles/cmTC_5f019.dir/build.make CMakeFiles/cmTC_5f019.dir/build
gmake[1]: Entering directory '/user/4/.base/boukhrin/home/Documents/Version_Finale/cmake-build-debug/CMakeFiles/CMakeTmp'
Building CXX object CMakeFiles/cmTC_5f019.dir/CMakeCXXCompilerABI.cpp.o
/opt/rh/devtoolset-9/root/usr/bin/c++    -v -o CMakeFiles/cmTC_5f019.dir/CMakeCXXCompilerABI.cpp.o -c /opt/clion-2019.1.3/bin/cmake/linux/share/cmake-3.14/Modules/CMakeCXXCompilerABI.cpp
Using built-in specs.
COLLECT_GCC=/opt/rh/devtoolset-9/root/usr/bin/c++
Target: x86_64-redhat-linux
Configured with: ../configure --enable-bootstrap --enable-languages=c,c++,fortran,lto --prefix=/opt/rh/devtoolset-9/root/usr --mandir=/opt/rh/devtoolset-9/root/usr/share/man --infodir=/opt/rh/devtoolset-9/root/usr/share/info --with-bugurl=http://bugzilla.redhat.com/bugzilla --enable-shared --enable-threads=posix --enable-checking=release --enable-multilib --with-system-zlib --enable-__cxa_atexit --disable-libunwind-exceptions --enable-gnu-unique-object --enable-linker-build-id --with-gcc-major-version-only --with-linker-hash-style=gnu --with-default-libstdcxx-abi=gcc4-compatible --enable-plugin --enable-initfini-array --with-isl=/builddir/build/BUILD/gcc-9.3.1-20200408/obj-x86_64-redhat-linux/isl-install --disable-libmpx --enable-gnu-indirect-function --with-tune=generic --with-arch_32=x86-64 --build=x86_64-redhat-linux
Thread model: posix
gcc version 9.3.1 20200408 (Red Hat 9.3.1-2) (GCC) 
COLLECT_GCC_OPTIONS='-v' '-o' 'CMakeFiles/cmTC_5f019.dir/CMakeCXXCompilerABI.cpp.o' '-c' '-shared-libgcc' '-mtune=generic' '-march=x86-64'
 /opt/rh/devtoolset-9/root/usr/libexec/gcc/x86_64-redhat-linux/9/cc1plus -quiet -v -D_GNU_SOURCE /opt/clion-2019.1.3/bin/cmake/linux/share/cmake-3.14/Modules/CMakeCXXCompilerABI.cpp -quiet -dumpbase CMakeCXXCompilerABI.cpp -mtune=generic -march=x86-64 -auxbase-strip CMakeFiles/cmTC_5f019.dir/CMakeCXXCompilerABI.cpp.o -version -o /tmp/ccgqlA8j.s
GNU C++14 (GCC) version 9.3.1 20200408 (Red Hat 9.3.1-2) (x86_64-redhat-linux)
	compiled by GNU C version 9.3.1 20200408 (Red Hat 9.3.1-2), GMP version 6.0.0, MPFR version 3.1.1, MPC version 1.0.1, isl version isl-0.16.1-GMP

GGC heuristics: --param ggc-min-expand=100 --param ggc-min-heapsize=131072
ignoring nonexistent directory "/opt/rh/devtoolset-9/root/usr/lib/gcc/x86_64-redhat-linux/9/include-fixed"
ignoring nonexistent directory "/opt/rh/devtoolset-9/root/usr/lib/gcc/x86_64-redhat-linux/9/../../../../x86_64-redhat-linux/include"
#include "..." search starts here:
#include <...> search starts here:
 /opt/rh/devtoolset-9/root/usr/lib/gcc/x86_64-redhat-linux/9/../../../../include/c++/9
 /opt/rh/devtoolset-9/root/usr/lib/gcc/x86_64-redhat-linux/9/../../../../include/c++/9/x86_64-redhat-linux
 /opt/rh/devtoolset-9/root/usr/lib/gcc/x86_64-redhat-linux/9/../../../../include/c++/9/backward
 /opt/rh/devtoolset-9/root/usr/lib/gcc/x86_64-redhat-linux/9/include
 /usr/local/include
 /opt/rh/devtoolset-9/root/usr/include
 /usr/include
End of search list.
GNU C++14 (GCC) version 9.3.1 20200408 (Red Hat 9.3.1-2) (x86_64-redhat-linux)
	compiled by GNU C version 9.3.1 20200408 (Red Hat 9.3.1-2), GMP version 6.0.0, MPFR version 3.1.1, MPC version 1.0.1, isl version isl-0.16.1-GMP

GGC heuristics: --param ggc-min-expand=100 --param ggc-min-heapsize=131072
Compiler executable checksum: f9f1d407bd5ba6ce64aae66ae4d26681
COLLECT_GCC_OPTIONS='-v' '-o' 'CMakeFiles/cmTC_5f019.dir/CMakeCXXCompilerABI.cpp.o' '-c' '-shared-libgcc' '-mtune=generic' '-march=x86-64'
 /opt/rh/devtoolset-9/root/usr/libexec/gcc/x86_64-redhat-linux/9/as -v --64 -o CMakeFiles/cmTC_5f019.dir/CMakeCXXCompilerABI.cpp.o /tmp/ccgqlA8j.s
GNU assembler version 2.32 (x86_64-redhat-linux) using BFD version version 2.32-16.el7
COMPILER_PATH=/opt/rh/devtoolset-9/root/usr/libexec/gcc/x86_64-redhat-linux/9/:/opt/rh/devtoolset-9/root/usr/libexec/gcc/x86_64-redhat-linux/9/:/opt/rh/devtoolset-9/root/usr/libexec/gcc/x86_64-redhat-linux/:/opt/rh/devtoolset-9/root/usr/lib/gcc/x86_64-redhat-linux/9/:/opt/rh/devtoolset-9/root/usr/lib/gcc/x86_64-redhat-linux/
LIBRARY_PATH=/opt/rh/devtoolset-9/root/usr/lib/gcc/x86_64-redhat-linux/9/:/opt/rh/devtoolset-9/root/usr/lib/gcc/x86_64-redhat-linux/9/../../../../lib64/:/lib/../lib64/:/usr/lib/../lib64/:./:/opt/rh/devtoolset-9/root/usr/lib/gcc/x86_64-redhat-linux/9/../../../:/lib/:/usr/lib/
COLLECT_GCC_OPTIONS='-v' '-o' 'CMakeFiles/cmTC_5f019.dir/CMakeCXXCompilerABI.cpp.o' '-c' '-shared-libgcc' '-mtune=generic' '-march=x86-64'
Linking CXX executable cmTC_5f019
/opt/clion-2019.1.3/bin/cmake/linux/bin/cmake -E cmake_link_script CMakeFiles/cmTC_5f019.dir/link.txt --verbose=1
/opt/rh/devtoolset-9/root/usr/bin/c++      -v -rdynamic CMakeFiles/cmTC_5f019.dir/CMakeCXXCompilerABI.cpp.o  -o cmTC_5f019 
Using built-in specs.
COLLECT_GCC=/opt/rh/devtoolset-9/root/usr/bin/c++
COLLECT_LTO_WRAPPER=/opt/rh/devtoolset-9/root/usr/libexec/gcc/x86_64-redhat-linux/9/lto-wrapper
Target: x86_64-redhat-linux
Configured with: ../configure --enable-bootstrap --enable-languages=c,c++,fortran,lto --prefix=/opt/rh/devtoolset-9/root/usr --mandir=/opt/rh/devtoolset-9/root/usr/share/man --infodir=/opt/rh/devtoolset-9/root/usr/share/info --with-bugurl=http://bugzilla.redhat.com/bugzilla --enable-shared --enable-threads=posix --enable-checking=release --enable-multilib --with-system-zlib --enable-__cxa_atexit --disable-libunwind-exceptions --enable-gnu-unique-object --enable-linker-build-id --with-gcc-major-version-only --with-linker-hash-style=gnu --with-default-libstdcxx-abi=gcc4-compatible --enable-plugin --enable-initfini-array --with-isl=/builddir/build/BUILD/gcc-9.3.1-20200408/obj-x86_64-redhat-linux/isl-install --disable-libmpx --enable-gnu-indirect-function --with-tune=generic --with-arch_32=x86-64 --build=x86_64-redhat-linux
Thread model: posix
gcc version 9.3.1 20200408 (Red Hat 9.3.1-2) (GCC) 
COMPILER_PATH=/opt/rh/devtoolset-9/root/usr/libexec/gcc/x86_64-redhat-linux/9/:/opt/rh/devtoolset-9/root/usr/libexec/gcc/x86_64-redhat-linux/9/:/opt/rh/devtoolset-9/root/usr/libexec/gcc/x86_64-redhat-linux/:/opt/rh/devtoolset-9/root/usr/lib/gcc/x86_64-redhat-linux/9/:/opt/rh/devtoolset-9/root/usr/lib/gcc/x86_64-redhat-linux/
LIBRARY_PATH=/opt/rh/devtoolset-9/root/usr/lib/gcc/x86_64-redhat-linux/9/:/opt/rh/devtoolset-9/root/usr/lib/gcc/x86_64-redhat-linux/9/../../../../lib64/:/lib/../lib64/:/usr/lib/../lib64/:./:/opt/rh/devtoolset-9/root/usr/lib/gcc/x86_64-redhat-linux/9/../../../:/lib/:/usr/lib/
COLLECT_GCC_OPTIONS='-v' '-rdynamic' '-o' 'cmTC_5f019' '-shared-libgcc' '-mtune=generic' '-march=x86-64'
 /opt/rh/devtoolset-9/root/usr/libexec/gcc/x86_64-redhat-linux/9/collect2 -plugin /opt/rh/devtoolset-9/root/usr/libexec/gcc/x86_64-redhat-linux/9/liblto_plugin.so -plugin-opt=/opt/rh/devtoolset-9/root/usr/libexec/gcc/x86_64-redhat-linux/9/lto-wrapper -plugin-opt=-fresolution=/tmp/ccJVLrEl.res -plugin-opt=-pass-through=-lgcc_s -plugin-opt=-pass-through=-lgcc -plugin-opt=-pass-through=-lc -plugin-opt=-pass-through=-lgcc_s -plugin-opt=-pass-through=-lgcc --build-id --no-add-needed --eh-frame-hdr --hash-style=gnu -m elf_x86_64 -export-dynamic -dynamic-linker /lib64/ld-linux-x86-64.so.2 -o cmTC_5f019 /lib/../lib64/crt1.o /lib/../lib64/crti.o /opt/rh/devtoolset-9/root/usr/lib/gcc/x86_64-redhat-linux/9/crtbegin.o -L/opt/rh/devtoolset-9/root/usr/lib/gcc/x86_64-redhat-linux/9 -L/opt/rh/devtoolset-9/root/usr/lib/gcc/x86_64-redhat-linux/9/../../../../lib64 -L/lib/../lib64 -L/usr/lib/../lib64 -L. -L/opt/rh/devtoolset-9/root/usr/lib/gcc/x86_64-redhat-linux/9/../../.. CMakeFiles/cmTC_5f019.dir/CMakeCXXCompilerABI.cpp.o -lstdc++ -lm -lgcc_s -lgcc -lc -lgcc_s -lgcc /opt/rh/devtoolset-9/root/usr/lib/gcc/x86_64-redhat-linux/9/crtend.o /lib/../lib64/crtn.o
COLLECT_GCC_OPTIONS='-v' '-rdynamic' '-o' 'cmTC_5f019' '-shared-libgcc' '-mtune=generic' '-march=x86-64'
gmake[1]: Leaving directory '/user/4/.base/boukhrin/home/Documents/Version_Finale/cmake-build-debug/CMakeFiles/CMakeTmp'


Parsed CXX implicit include dir info from above output: rv=done
  found start of include info
  found start of implicit include info
    add: [/opt/rh/devtoolset-9/root/usr/lib/gcc/x86_64-redhat-linux/9/../../../../include/c++/9]
    add: [/opt/rh/devtoolset-9/root/usr/lib/gcc/x86_64-redhat-linux/9/../../../../include/c++/9/x86_64-redhat-linux]
    add: [/opt/rh/devtoolset-9/root/usr/lib/gcc/x86_64-redhat-linux/9/../../../../include/c++/9/backward]
    add: [/opt/rh/devtoolset-9/root/usr/lib/gcc/x86_64-redhat-linux/9/include]
    add: [/usr/local/include]
    add: [/opt/rh/devtoolset-9/root/usr/include]
    add: [/usr/include]
  end of search list found
  collapse include dir [/opt/rh/devtoolset-9/root/usr/lib/gcc/x86_64-redhat-linux/9/../../../../include/c++/9] ==> [/opt/rh/devtoolset-9/root/usr/include/c++/9]
  collapse include dir [/opt/rh/devtoolset-9/root/usr/lib/gcc/x86_64-redhat-linux/9/../../../../include/c++/9/x86_64-redhat-linux] ==> [/opt/rh/devtoolset-9/root/usr/include/c++/9/x86_64-redhat-linux]
  collapse include dir [/opt/rh/devtoolset-9/root/usr/lib/gcc/x86_64-redhat-linux/9/../../../../include/c++/9/backward] ==> [/opt/rh/devtoolset-9/root/usr/include/c++/9/backward]
  collapse include dir [/opt/rh/devtoolset-9/root/usr/lib/gcc/x86_64-redhat-linux/9/include] ==> [/opt/rh/devtoolset-9/root/usr/lib/gcc/x86_64-redhat-linux/9/include]
  collapse include dir [/usr/local/include] ==> [/usr/local/include]
  collapse include dir [/opt/rh/devtoolset-9/root/usr/include] ==> [/opt/rh/devtoolset-9/root/usr/include]
  collapse include dir [/usr/include] ==> [/usr/include]
  implicit include dirs: [/opt/rh/devtoolset-9/root/usr/include/c++/9;/opt/rh/devtoolset-9/root/usr/include/c++/9/x86_64-redhat-linux;/opt/rh/devtoolset-9/root/usr/include/c++/9/backward;/opt/rh/devtoolset-9/root/usr/lib/gcc/x86_64-redhat-linux/9/include;/usr/local/include;/opt/rh/devtoolset-9/root/usr/include;/usr/include]


Parsed CXX implicit link information from above output:
  link line regex: [^( *|.*[/\])(ld|CMAKE_LINK_STARTFILE-NOTFOUND|([^/\]+-)?ld|collect2)[^/\]*( |$)]
  ignore line: [Change Dir: /user/4/boukhrin/Documents/Version_Finale/cmake-build-debug/CMakeFiles/CMakeTmp]
  ignore line: []
  ignore line: [Run Build Command(s):/opt/rh/devtoolset-9/root/usr/bin/gmake cmTC_5f019/fast ]
  ignore line: [/opt/rh/devtoolset-9/root/usr/bin/gmake -f CMakeFiles/cmTC_5f019.dir/build.make CMakeFiles/cmTC_5f019.dir/build]
  ignore line: [gmake[1]: Entering directory '/user/4/.base/boukhrin/home/Documents/Version_Finale/cmake-build-debug/CMakeFiles/CMakeTmp']
  ignore line: [Building CXX object CMakeFiles/cmTC_5f019.dir/CMakeCXXCompilerABI.cpp.o]
  ignore line: [/opt/rh/devtoolset-9/root/usr/bin/c++    -v -o CMakeFiles/cmTC_5f019.dir/CMakeCXXCompilerABI.cpp.o -c /opt/clion-2019.1.3/bin/cmake/linux/share/cmake-3.14/Modules/CMakeCXXCompilerABI.cpp]
  ignore line: [Using built-in specs.]
  ignore line: [COLLECT_GCC=/opt/rh/devtoolset-9/root/usr/bin/c++]
  ignore line: [Target: x86_64-redhat-linux]
  ignore line: [Configured with: ../configure --enable-bootstrap --enable-languages=c,c++,fortran,lto --prefix=/opt/rh/devtoolset-9/root/usr --mandir=/opt/rh/devtoolset-9/root/usr/share/man --infodir=/opt/rh/devtoolset-9/root/usr/share/info --with-bugurl=http://bugzilla.redhat.com/bugzilla --enable-shared --enable-threads=posix --enable-checking=release --enable-multilib --with-system-zlib --enable-__cxa_atexit --disable-libunwind-exceptions --enable-gnu-unique-object --enable-linker-build-id --with-gcc-major-version-only --with-linker-hash-style=gnu --with-default-libstdcxx-abi=gcc4-compatible --enable-plugin --enable-initfini-array --with-isl=/builddir/build/BUILD/gcc-9.3.1-20200408/obj-x86_64-redhat-linux/isl-install --disable-libmpx --enable-gnu-indirect-function --with-tune=generic --with-arch_32=x86-64 --build=x86_64-redhat-linux]
  ignore line: [Thread model: posix]
  ignore line: [gcc version 9.3.1 20200408 (Red Hat 9.3.1-2) (GCC) ]
  ignore line: [COLLECT_GCC_OPTIONS='-v' '-o' 'CMakeFiles/cmTC_5f019.dir/CMakeCXXCompilerABI.cpp.o' '-c' '-shared-libgcc' '-mtune=generic' '-march=x86-64']
  ignore line: [ /opt/rh/devtoolset-9/root/usr/libexec/gcc/x86_64-redhat-linux/9/cc1plus -quiet -v -D_GNU_SOURCE /opt/clion-2019.1.3/bin/cmake/linux/share/cmake-3.14/Modules/CMakeCXXCompilerABI.cpp -quiet -dumpbase CMakeCXXCompilerABI.cpp -mtune=generic -march=x86-64 -auxbase-strip CMakeFiles/cmTC_5f019.dir/CMakeCXXCompilerABI.cpp.o -version -o /tmp/ccgqlA8j.s]
  ignore line: [GNU C++14 (GCC) version 9.3.1 20200408 (Red Hat 9.3.1-2) (x86_64-redhat-linux)]
  ignore line: [	compiled by GNU C version 9.3.1 20200408 (Red Hat 9.3.1-2), GMP version 6.0.0, MPFR version 3.1.1, MPC version 1.0.1, isl version isl-0.16.1-GMP]
  ignore line: []
  ignore line: [GGC heuristics: --param ggc-min-expand=100 --param ggc-min-heapsize=131072]
  ignore line: [ignoring nonexistent directory "/opt/rh/devtoolset-9/root/usr/lib/gcc/x86_64-redhat-linux/9/include-fixed"]
  ignore line: [ignoring nonexistent directory "/opt/rh/devtoolset-9/root/usr/lib/gcc/x86_64-redhat-linux/9/../../../../x86_64-redhat-linux/include"]
  ignore line: [#include "..." search starts here:]
  ignore line: [#include <...> search starts here:]
  ignore line: [ /opt/rh/devtoolset-9/root/usr/lib/gcc/x86_64-redhat-linux/9/../../../../include/c++/9]
  ignore line: [ /opt/rh/devtoolset-9/root/usr/lib/gcc/x86_64-redhat-linux/9/../../../../include/c++/9/x86_64-redhat-linux]
  ignore line: [ /opt/rh/devtoolset-9/root/usr/lib/gcc/x86_64-redhat-linux/9/../../../../include/c++/9/backward]
  ignore line: [ /opt/rh/devtoolset-9/root/usr/lib/gcc/x86_64-redhat-linux/9/include]
  ignore line: [ /usr/local/include]
  ignore line: [ /opt/rh/devtoolset-9/root/usr/include]
  ignore line: [ /usr/include]
  ignore line: [End of search list.]
  ignore line: [GNU C++14 (GCC) version 9.3.1 20200408 (Red Hat 9.3.1-2) (x86_64-redhat-linux)]
  ignore line: [	compiled by GNU C version 9.3.1 20200408 (Red Hat 9.3.1-2), GMP version 6.0.0, MPFR version 3.1.1, MPC version 1.0.1, isl version isl-0.16.1-GMP]
  ignore line: []
  ignore line: [GGC heuristics: --param ggc-min-expand=100 --param ggc-min-heapsize=131072]
  ignore line: [Compiler executable checksum: f9f1d407bd5ba6ce64aae66ae4d26681]
  ignore line: [COLLECT_GCC_OPTIONS='-v' '-o' 'CMakeFiles/cmTC_5f019.dir/CMakeCXXCompilerABI.cpp.o' '-c' '-shared-libgcc' '-mtune=generic' '-march=x86-64']
  ignore line: [ /opt/rh/devtoolset-9/root/usr/libexec/gcc/x86_64-redhat-linux/9/as -v --64 -o CMakeFiles/cmTC_5f019.dir/CMakeCXXCompilerABI.cpp.o /tmp/ccgqlA8j.s]
  ignore line: [GNU assembler version 2.32 (x86_64-redhat-linux) using BFD version version 2.32-16.el7]
  ignore line: [COMPILER_PATH=/opt/rh/devtoolset-9/root/usr/libexec/gcc/x86_64-redhat-linux/9/:/opt/rh/devtoolset-9/root/usr/libexec/gcc/x86_64-redhat-linux/9/:/opt/rh/devtoolset-9/root/usr/libexec/gcc/x86_64-redhat-linux/:/opt/rh/devtoolset-9/root/usr/lib/gcc/x86_64-redhat-linux/9/:/opt/rh/devtoolset-9/root/usr/lib/gcc/x86_64-redhat-linux/]
  ignore line: [LIBRARY_PATH=/opt/rh/devtoolset-9/root/usr/lib/gcc/x86_64-redhat-linux/9/:/opt/rh/devtoolset-9/root/usr/lib/gcc/x86_64-redhat-linux/9/../../../../lib64/:/lib/../lib64/:/usr/lib/../lib64/:./:/opt/rh/devtoolset-9/root/usr/lib/gcc/x86_64-redhat-linux/9/../../../:/lib/:/usr/lib/]
  ignore line: [COLLECT_GCC_OPTIONS='-v' '-o' 'CMakeFiles/cmTC_5f019.dir/CMakeCXXCompilerABI.cpp.o' '-c' '-shared-libgcc' '-mtune=generic' '-march=x86-64']
  ignore line: [Linking CXX executable cmTC_5f019]
  ignore line: [/opt/clion-2019.1.3/bin/cmake/linux/bin/cmake -E cmake_link_script CMakeFiles/cmTC_5f019.dir/link.txt --verbose=1]
  ignore line: [/opt/rh/devtoolset-9/root/usr/bin/c++      -v -rdynamic CMakeFiles/cmTC_5f019.dir/CMakeCXXCompilerABI.cpp.o  -o cmTC_5f019 ]
  ignore line: [Using built-in specs.]
  ignore line: [COLLECT_GCC=/opt/rh/devtoolset-9/root/usr/bin/c++]
  ignore line: [COLLECT_LTO_WRAPPER=/opt/rh/devtoolset-9/root/usr/libexec/gcc/x86_64-redhat-linux/9/lto-wrapper]
  ignore line: [Target: x86_64-redhat-linux]
  ignore line: [Configured with: ../configure --enable-bootstrap --enable-languages=c,c++,fortran,lto --prefix=/opt/rh/devtoolset-9/root/usr --mandir=/opt/rh/devtoolset-9/root/usr/share/man --infodir=/opt/rh/devtoolset-9/root/usr/share/info --with-bugurl=http://bugzilla.redhat.com/bugzilla --enable-shared --enable-threads=posix --enable-checking=release --enable-multilib --with-system-zlib --enable-__cxa_atexit --disable-libunwind-exceptions --enable-gnu-unique-object --enable-linker-build-id --with-gcc-major-version-only --with-linker-hash-style=gnu --with-default-libstdcxx-abi=gcc4-compatible --enable-plugin --enable-initfini-array --with-isl=/builddir/build/BUILD/gcc-9.3.1-20200408/obj-x86_64-redhat-linux/isl-install --disable-libmpx --enable-gnu-indirect-function --with-tune=generic --with-arch_32=x86-64 --build=x86_64-redhat-linux]
  ignore line: [Thread model: posix]
  ignore line: [gcc version 9.3.1 20200408 (Red Hat 9.3.1-2) (GCC) ]
  ignore line: [COMPILER_PATH=/opt/rh/devtoolset-9/root/usr/libexec/gcc/x86_64-redhat-linux/9/:/opt/rh/devtoolset-9/root/usr/libexec/gcc/x86_64-redhat-linux/9/:/opt/rh/devtoolset-9/root/usr/libexec/gcc/x86_64-redhat-linux/:/opt/rh/devtoolset-9/root/usr/lib/gcc/x86_64-redhat-linux/9/:/opt/rh/devtoolset-9/root/usr/lib/gcc/x86_64-redhat-linux/]
  ignore line: [LIBRARY_PATH=/opt/rh/devtoolset-9/root/usr/lib/gcc/x86_64-redhat-linux/9/:/opt/rh/devtoolset-9/root/usr/lib/gcc/x86_64-redhat-linux/9/../../../../lib64/:/lib/../lib64/:/usr/lib/../lib64/:./:/opt/rh/devtoolset-9/root/usr/lib/gcc/x86_64-redhat-linux/9/../../../:/lib/:/usr/lib/]
  ignore line: [COLLECT_GCC_OPTIONS='-v' '-rdynamic' '-o' 'cmTC_5f019' '-shared-libgcc' '-mtune=generic' '-march=x86-64']
  link line: [ /opt/rh/devtoolset-9/root/usr/libexec/gcc/x86_64-redhat-linux/9/collect2 -plugin /opt/rh/devtoolset-9/root/usr/libexec/gcc/x86_64-redhat-linux/9/liblto_plugin.so -plugin-opt=/opt/rh/devtoolset-9/root/usr/libexec/gcc/x86_64-redhat-linux/9/lto-wrapper -plugin-opt=-fresolution=/tmp/ccJVLrEl.res -plugin-opt=-pass-through=-lgcc_s -plugin-opt=-pass-through=-lgcc -plugin-opt=-pass-through=-lc -plugin-opt=-pass-through=-lgcc_s -plugin-opt=-pass-through=-lgcc --build-id --no-add-needed --eh-frame-hdr --hash-style=gnu -m elf_x86_64 -export-dynamic -dynamic-linker /lib64/ld-linux-x86-64.so.2 -o cmTC_5f019 /lib/../lib64/crt1.o /lib/../lib64/crti.o /opt/rh/devtoolset-9/root/usr/lib/gcc/x86_64-redhat-linux/9/crtbegin.o -L/opt/rh/devtoolset-9/root/usr/lib/gcc/x86_64-redhat-linux/9 -L/opt/rh/devtoolset-9/root/usr/lib/gcc/x86_64-redhat-linux/9/../../../../lib64 -L/lib/../lib64 -L/usr/lib/../lib64 -L. -L/opt/rh/devtoolset-9/root/usr/lib/gcc/x86_64-redhat-linux/9/../../.. CMakeFiles/cmTC_5f019.dir/CMakeCXXCompilerABI.cpp.o -lstdc++ -lm -lgcc_s -lgcc -lc -lgcc_s -lgcc /opt/rh/devtoolset-9/root/usr/lib/gcc/x86_64-redhat-linux/9/crtend.o /lib/../lib64/crtn.o]
    arg [/opt/rh/devtoolset-9/root/usr/libexec/gcc/x86_64-redhat-linux/9/collect2] ==> ignore
    arg [-plugin] ==> ignore
    arg [/opt/rh/devtoolset-9/root/usr/libexec/gcc/x86_64-redhat-linux/9/liblto_plugin.so] ==> ignore
    arg [-plugin-opt=/opt/rh/devtoolset-9/root/usr/libexec/gcc/x86_64-redhat-linux/9/lto-wrapper] ==> ignore
    arg [-plugin-opt=-fresolution=/tmp/ccJVLrEl.res] ==> ignore
    arg [-plugin-opt=-pass-through=-lgcc_s] ==> ignore
    arg [-plugin-opt=-pass-through=-lgcc] ==> ignore
    arg [-plugin-opt=-pass-through=-lc] ==> ignore
    arg [-plugin-opt=-pass-through=-lgcc_s] ==> ignore
    arg [-plugin-opt=-pass-through=-lgcc] ==> ignore
    arg [--build-id] ==> ignore
    arg [--no-add-needed] ==> ignore
    arg [--eh-frame-hdr] ==> ignore
    arg [--hash-style=gnu] ==> ignore
    arg [-m] ==> ignore
    arg [elf_x86_64] ==> ignore
    arg [-export-dynamic] ==> ignore
    arg [-dynamic-linker] ==> ignore
    arg [/lib64/ld-linux-x86-64.so.2] ==> ignore
    arg [-o] ==> ignore
    arg [cmTC_5f019] ==> ignore
    arg [/lib/../lib64/crt1.o] ==> ignore
    arg [/lib/../lib64/crti.o] ==> ignore
    arg [/opt/rh/devtoolset-9/root/usr/lib/gcc/x86_64-redhat-linux/9/crtbegin.o] ==> ignore
    arg [-L/opt/rh/devtoolset-9/root/usr/lib/gcc/x86_64-redhat-linux/9] ==> dir [/opt/rh/devtoolset-9/root/usr/lib/gcc/x86_64-redhat-linux/9]
    arg [-L/opt/rh/devtoolset-9/root/usr/lib/gcc/x86_64-redhat-linux/9/../../../../lib64] ==> dir [/opt/rh/devtoolset-9/root/usr/lib/gcc/x86_64-redhat-linux/9/../../../../lib64]
    arg [-L/lib/../lib64] ==> dir [/lib/../lib64]
    arg [-L/usr/lib/../lib64] ==> dir [/usr/lib/../lib64]
    arg [-L.] ==> ignore
    arg [-L/opt/rh/devtoolset-9/root/usr/lib/gcc/x86_64-redhat-linux/9/../../..] ==> dir [/opt/rh/devtoolset-9/root/usr/lib/gcc/x86_64-redhat-linux/9/../../..]
    arg [CMakeFiles/cmTC_5f019.dir/CMakeCXXCompilerABI.cpp.o] ==> ignore
    arg [-lstdc++] ==> lib [stdc++]
    arg [-lm] ==> lib [m]
    arg [-lgcc_s] ==> lib [gcc_s]
    arg [-lgcc] ==> lib [gcc]
    arg [-lc] ==> lib [c]
    arg [-lgcc_s] ==> lib [gcc_s]
    arg [-lgcc] ==> lib [gcc]
    arg [/opt/rh/devtoolset-9/root/usr/lib/gcc/x86_64-redhat-linux/9/crtend.o] ==> ignore
    arg [/lib/../lib64/crtn.o] ==> ignore
  collapse library dir [/opt/rh/devtoolset-9/root/usr/lib/gcc/x86_64-redhat-linux/9] ==> [/opt/rh/devtoolset-9/root/usr/lib/gcc/x86_64-redhat-linux/9]
  collapse library dir [/opt/rh/devtoolset-9/root/usr/lib/gcc/x86_64-redhat-linux/9/../../../../lib64] ==> [/opt/rh/devtoolset-9/root/usr/lib64]
  collapse library dir [/lib/../lib64] ==> [/lib64]
  collapse library dir [/usr/lib/../lib64] ==> [/usr/lib64]
  collapse library dir [/opt/rh/devtoolset-9/root/usr/lib/gcc/x86_64-redhat-linux/9/../../..] ==> [/opt/rh/devtoolset-9/root/usr/lib]
  implicit libs: [stdc++;m;gcc_s;gcc;c;gcc_s;gcc]
  implicit dirs: [/opt/rh/devtoolset-9/root/usr/lib/gcc/x86_64-redhat-linux/9;/opt/rh/devtoolset-9/root/usr/lib64;/lib64;/usr/lib64;/opt/rh/devtoolset-9/root/usr/lib]
  implicit fwks: []




Detecting CXX [-std=c++2a] compiler features compiled with the following output:
Change Dir: /user/4/boukhrin/Documents/Version_Finale/cmake-build-debug/CMakeFiles/CMakeTmp

Run Build Command(s):/opt/rh/devtoolset-9/root/usr/bin/gmake cmTC_f8790/fast 
/opt/rh/devtoolset-9/root/usr/bin/gmake -f CMakeFiles/cmTC_f8790.dir/build.make CMakeFiles/cmTC_f8790.dir/build
gmake[1]: Entering directory '/user/4/.base/boukhrin/home/Documents/Version_Finale/cmake-build-debug/CMakeFiles/CMakeTmp'
Building CXX object CMakeFiles/cmTC_f8790.dir/feature_tests.cxx.o
/opt/rh/devtoolset-9/root/usr/bin/c++    -std=c++2a -o CMakeFiles/cmTC_f8790.dir/feature_tests.cxx.o -c /user/4/boukhrin/Documents/Version_Finale/cmake-build-debug/CMakeFiles/feature_tests.cxx
Linking CXX executable cmTC_f8790
/opt/clion-2019.1.3/bin/cmake/linux/bin/cmake -E cmake_link_script CMakeFiles/cmTC_f8790.dir/link.txt --verbose=1
/opt/rh/devtoolset-9/root/usr/bin/c++       -rdynamic CMakeFiles/cmTC_f8790.dir/feature_tests.cxx.o  -o cmTC_f8790 
gmake[1]: Leaving directory '/user/4/.base/boukhrin/home/Documents/Version_Finale/cmake-build-debug/CMakeFiles/CMakeTmp'


    Feature record: CXX_FEATURE:1cxx_aggregate_default_initializers
    Feature record: CXX_FEATURE:1cxx_alias_templates
    Feature record: CXX_FEATURE:1cxx_alignas
    Feature record: CXX_FEATURE:1cxx_alignof
    Feature record: CXX_FEATURE:1cxx_attributes
    Feature record: CXX_FEATURE:1cxx_attribute_deprecated
    Feature record: CXX_FEATURE:1cxx_auto_type
    Feature record: CXX_FEATURE:1cxx_binary_literals
    Feature record: CXX_FEATURE:1cxx_constexpr
    Feature record: CXX_FEATURE:1cxx_contextual_conversions
    Feature record: CXX_FEATURE:1cxx_decltype
    Feature record: CXX_FEATURE:1cxx_decltype_auto
    Feature record: CXX_FEATURE:1cxx_decltype_incomplete_return_types
    Feature record: CXX_FEATURE:1cxx_default_function_template_args
    Feature record: CXX_FEATURE:1cxx_defaulted_functions
    Feature record: CXX_FEATURE:1cxx_defaulted_move_initializers
    Feature record: CXX_FEATURE:1cxx_delegating_constructors
    Feature record: CXX_FEATURE:1cxx_deleted_functions
    Feature record: CXX_FEATURE:1cxx_digit_separators
    Feature record: CXX_FEATURE:1cxx_enum_forward_declarations
    Feature record: CXX_FEATURE:1cxx_explicit_conversions
    Feature record: CXX_FEATURE:1cxx_extended_friend_declarations
    Feature record: CXX_FEATURE:1cxx_extern_templates
    Feature record: CXX_FEATURE:1cxx_final
    Feature record: CXX_FEATURE:1cxx_func_identifier
    Feature record: CXX_FEATURE:1cxx_generalized_initializers
    Feature record: CXX_FEATURE:1cxx_generic_lambdas
    Feature record: CXX_FEATURE:1cxx_inheriting_constructors
    Feature record: CXX_FEATURE:1cxx_inline_namespaces
    Feature record: CXX_FEATURE:1cxx_lambdas
    Feature record: CXX_FEATURE:1cxx_lambda_init_captures
    Feature record: CXX_FEATURE:1cxx_local_type_template_args
    Feature record: CXX_FEATURE:1cxx_long_long_type
    Feature record: CXX_FEATURE:1cxx_noexcept
    Feature record: CXX_FEATURE:1cxx_nonstatic_member_init
    Feature record: CXX_FEATURE:1cxx_nullptr
    Feature record: CXX_FEATURE:1cxx_override
    Feature record: CXX_FEATURE:1cxx_range_for
    Feature record: CXX_FEATURE:1cxx_raw_string_literals
    Feature record: CXX_FEATURE:1cxx_reference_qualified_functions
    Feature record: CXX_FEATURE:1cxx_relaxed_constexpr
    Feature record: CXX_FEATURE:1cxx_return_type_deduction
    Feature record: CXX_FEATURE:1cxx_right_angle_brackets
    Feature record: CXX_FEATURE:1cxx_rvalue_references
    Feature record: CXX_FEATURE:1cxx_sizeof_member
    Feature record: CXX_FEATURE:1cxx_static_assert
    Feature record: CXX_FEATURE:1cxx_strong_enums
    Feature record: CXX_FEATURE:1cxx_template_template_parameters
    Feature record: CXX_FEATURE:1cxx_thread_local
    Feature record: CXX_FEATURE:1cxx_trailing_return_types
    Feature record: CXX_FEATURE:1cxx_unicode_literals
    Feature record: CXX_FEATURE:1cxx_uniform_initialization
    Feature record: CXX_FEATURE:1cxx_unrestricted_unions
    Feature record: CXX_FEATURE:1cxx_user_literals
    Feature record: CXX_FEATURE:1cxx_variable_templates
    Feature record: CXX_FEATURE:1cxx_variadic_macros
    Feature record: CXX_FEATURE:1cxx_variadic_templates


Detecting CXX [-std=c++17] compiler features compiled with the following output:
Change Dir: /user/4/boukhrin/Documents/Version_Finale/cmake-build-debug/CMakeFiles/CMakeTmp

Run Build Command(s):/opt/rh/devtoolset-9/root/usr/bin/gmake cmTC_10f00/fast 
/opt/rh/devtoolset-9/root/usr/bin/gmake -f CMakeFiles/cmTC_10f00.dir/build.make CMakeFiles/cmTC_10f00.dir/build
gmake[1]: Entering directory '/user/4/.base/boukhrin/home/Documents/Version_Finale/cmake-build-debug/CMakeFiles/CMakeTmp'
Building CXX object CMakeFiles/cmTC_10f00.dir/feature_tests.cxx.o
/opt/rh/devtoolset-9/root/usr/bin/c++    -std=c++17 -o CMakeFiles/cmTC_10f00.dir/feature_tests.cxx.o -c /user/4/boukhrin/Documents/Version_Finale/cmake-build-debug/CMakeFiles/feature_tests.cxx
Linking CXX executable cmTC_10f00
/opt/clion-2019.1.3/bin/cmake/linux/bin/cmake -E cmake_link_script CMakeFiles/cmTC_10f00.dir/link.txt --verbose=1
/opt/rh/devtoolset-9/root/usr/bin/c++       -rdynamic CMakeFiles/cmTC_10f00.dir/feature_tests.cxx.o  -o cmTC_10f00 
gmake[1]: Leaving directory '/user/4/.base/boukhrin/home/Documents/Version_Finale/cmake-build-debug/CMakeFiles/CMakeTmp'


    Feature record: CXX_FEATURE:1cxx_aggregate_default_initializers
    Feature record: CXX_FEATURE:1cxx_alias_templates
    Feature record: CXX_FEATURE:1cxx_alignas
    Feature record: CXX_FEATURE:1cxx_alignof
    Feature record: CXX_FEATURE:1cxx_attributes
    Feature record: CXX_FEATURE:1cxx_attribute_deprecated
    Feature record: CXX_FEATURE:1cxx_auto_type
    Feature record: CXX_FEATURE:1cxx_binary_literals
    Feature record: CXX_FEATURE:1cxx_constexpr
    Feature record: CXX_FEATURE:1cxx_contextual_conversions
    Feature record: CXX_FEATURE:1cxx_decltype
    Feature record: CXX_FEATURE:1cxx_decltype_auto
    Feature record: CXX_FEATURE:1cxx_decltype_incomplete_return_types
    Feature record: CXX_FEATURE:1cxx_default_function_template_args
    Feature record: CXX_FEATURE:1cxx_defaulted_functions
    Feature record: CXX_FEATURE:1cxx_defaulted_move_initializers
    Feature record: CXX_FEATURE:1cxx_delegating_constructors
    Feature record: CXX_FEATURE:1cxx_deleted_functions
    Feature record: CXX_FEATURE:1cxx_digit_separators
    Feature record: CXX_FEATURE:1cxx_enum_forward_declarations
    Feature record: CXX_FEATURE:1cxx_explicit_conversions
    Feature record: CXX_FEATURE:1cxx_extended_friend_declarations
    Feature record: CXX_FEATURE:1cxx_extern_templates
    Feature record: CXX_FEATURE:1cxx_final
    Feature record: CXX_FEATURE:1cxx_func_identifier
    Feature record: CXX_FEATURE:1cxx_generalized_initializers
    Feature record: CXX_FEATURE:1cxx_generic_lambdas
    Feature record: CXX_FEATURE:1cxx_inheriting_constructors
    Feature record: CXX_FEATURE:1cxx_inline_namespaces
    Feature record: CXX_FEATURE:1cxx_lambdas
    Feature record: CXX_FEATURE:1cxx_lambda_init_captures
    Feature record: CXX_FEATURE:1cxx_local_type_template_args
    Feature record: CXX_FEATURE:1cxx_long_long_type
    Feature record: CXX_FEATURE:1cxx_noexcept
    Feature record: CXX_FEATURE:1cxx_nonstatic_member_init
    Feature record: CXX_FEATURE:1cxx_nullptr
    Feature record: CXX_FEATURE:1cxx_override
    Feature record: CXX_FEATURE:1cxx_range_for
    Feature record: CXX_FEATURE:1cxx_raw_string_literals
    Feature record: CXX_FEATURE:1cxx_reference_qualified_functions
    Feature record: CXX_FEATURE:1cxx_relaxed_constexpr
    Feature record: CXX_FEATURE:1cxx_return_type_deduction
    Feature record: CXX_FEATURE:1cxx_right_angle_brackets
    Feature record: CXX_FEATURE:1cxx_rvalue_references
    Feature record: CXX_FEATURE:1cxx_sizeof_member
    Feature record: CXX_FEATURE:1cxx_static_assert
    Feature record: CXX_FEATURE:1cxx_strong_enums
    Feature record: CXX_FEATURE:1cxx_template_template_parameters
    Feature record: CXX_FEATURE:1cxx_thread_local
    Feature record: CXX_FEATURE:1cxx_trailing_return_types
    Feature record: CXX_FEATURE:1cxx_unicode_literals
    Feature record: CXX_FEATURE:1cxx_uniform_initialization
    Feature record: CXX_FEATURE:1cxx_unrestricted_unions
    Feature record: CXX_FEATURE:1cxx_user_literals
    Feature record: CXX_FEATURE:1cxx_variable_templates
    Feature record: CXX_FEATURE:1cxx_variadic_macros
    Feature record: CXX_FEATURE:1cxx_variadic_templates


Detecting CXX [-std=c++14] compiler features compiled with the following output:
Change Dir: /user/4/boukhrin/Documents/Version_Finale/cmake-build-debug/CMakeFiles/CMakeTmp

Run Build Command(s):/opt/rh/devtoolset-9/root/usr/bin/gmake cmTC_bd412/fast 
/opt/rh/devtoolset-9/root/usr/bin/gmake -f CMakeFiles/cmTC_bd412.dir/build.make CMakeFiles/cmTC_bd412.dir/build
gmake[1]: Entering directory '/user/4/.base/boukhrin/home/Documents/Version_Finale/cmake-build-debug/CMakeFiles/CMakeTmp'
Building CXX object CMakeFiles/cmTC_bd412.dir/feature_tests.cxx.o
/opt/rh/devtoolset-9/root/usr/bin/c++    -std=c++14 -o CMakeFiles/cmTC_bd412.dir/feature_tests.cxx.o -c /user/4/boukhrin/Documents/Version_Finale/cmake-build-debug/CMakeFiles/feature_tests.cxx
Linking CXX executable cmTC_bd412
/opt/clion-2019.1.3/bin/cmake/linux/bin/cmake -E cmake_link_script CMakeFiles/cmTC_bd412.dir/link.txt --verbose=1
/opt/rh/devtoolset-9/root/usr/bin/c++       -rdynamic CMakeFiles/cmTC_bd412.dir/feature_tests.cxx.o  -o cmTC_bd412 
gmake[1]: Leaving directory '/user/4/.base/boukhrin/home/Documents/Version_Finale/cmake-build-debug/CMakeFiles/CMakeTmp'


    Feature record: CXX_FEATURE:1cxx_aggregate_default_initializers
    Feature record: CXX_FEATURE:1cxx_alias_templates
    Feature record: CXX_FEATURE:1cxx_alignas
    Feature record: CXX_FEATURE:1cxx_alignof
    Feature record: CXX_FEATURE:1cxx_attributes
    Feature record: CXX_FEATURE:1cxx_attribute_deprecated
    Feature record: CXX_FEATURE:1cxx_auto_type
    Feature record: CXX_FEATURE:1cxx_binary_literals
    Feature record: CXX_FEATURE:1cxx_constexpr
    Feature record: CXX_FEATURE:1cxx_contextual_conversions
    Feature record: CXX_FEATURE:1cxx_decltype
    Feature record: CXX_FEATURE:1cxx_decltype_auto
    Feature record: CXX_FEATURE:1cxx_decltype_incomplete_return_types
    Feature record: CXX_FEATURE:1cxx_default_function_template_args
    Feature record: CXX_FEATURE:1cxx_defaulted_functions
    Feature record: CXX_FEATURE:1cxx_defaulted_move_initializers
    Feature record: CXX_FEATURE:1cxx_delegating_constructors
    Feature record: CXX_FEATURE:1cxx_deleted_functions
    Feature record: CXX_FEATURE:1cxx_digit_separators
    Feature record: CXX_FEATURE:1cxx_enum_forward_declarations
    Feature record: CXX_FEATURE:1cxx_explicit_conversions
    Feature record: CXX_FEATURE:1cxx_extended_friend_declarations
    Feature record: CXX_FEATURE:1cxx_extern_templates
    Feature record: CXX_FEATURE:1cxx_final
    Feature record: CXX_FEATURE:1cxx_func_identifier
    Feature record: CXX_FEATURE:1cxx_generalized_initializers
    Feature record: CXX_FEATURE:1cxx_generic_lambdas
    Feature record: CXX_FEATURE:1cxx_inheriting_constructors
    Feature record: CXX_FEATURE:1cxx_inline_namespaces
    Feature record: CXX_FEATURE:1cxx_lambdas
    Feature record: CXX_FEATURE:1cxx_lambda_init_captures
    Feature record: CXX_FEATURE:1cxx_local_type_template_args
    Feature record: CXX_FEATURE:1cxx_long_long_type
    Feature record: CXX_FEATURE:1cxx_noexcept
    Feature record: CXX_FEATURE:1cxx_nonstatic_member_init
    Feature record: CXX_FEATURE:1cxx_nullptr
    Feature record: CXX_FEATURE:1cxx_override
    Feature record: CXX_FEATURE:1cxx_range_for
    Feature record: CXX_FEATURE:1cxx_raw_string_literals
    Feature record: CXX_FEATURE:1cxx_reference_qualified_functions
    Feature record: CXX_FEATURE:1cxx_relaxed_constexpr
    Feature record: CXX_FEATURE:1cxx_return_type_deduction
    Feature record: CXX_FEATURE:1cxx_right_angle_brackets
    Feature record: CXX_FEATURE:1cxx_rvalue_references
    Feature record: CXX_FEATURE:1cxx_sizeof_member
    Feature record: CXX_FEATURE:1cxx_static_assert
    Feature record: CXX_FEATURE:1cxx_strong_enums
    Feature record: CXX_FEATURE:1cxx_template_template_parameters
    Feature record: CXX_FEATURE:1cxx_thread_local
    Feature record: CXX_FEATURE:1cxx_trailing_return_types
    Feature record: CXX_FEATURE:1cxx_unicode_literals
    Feature record: CXX_FEATURE:1cxx_uniform_initialization
    Feature record: CXX_FEATURE:1cxx_unrestricted_unions
    Feature record: CXX_FEATURE:1cxx_user_literals
    Feature record: CXX_FEATURE:1cxx_variable_templates
    Feature record: CXX_FEATURE:1cxx_variadic_macros
    Feature record: CXX_FEATURE:1cxx_variadic_templates


Detecting CXX [-std=c++11] compiler features compiled with the following output:
Change Dir: /user/4/boukhrin/Documents/Version_Finale/cmake-build-debug/CMakeFiles/CMakeTmp

Run Build Command(s):/opt/rh/devtoolset-9/root/usr/bin/gmake cmTC_5cb34/fast 
/opt/rh/devtoolset-9/root/usr/bin/gmake -f CMakeFiles/cmTC_5cb34.dir/build.make CMakeFiles/cmTC_5cb34.dir/build
gmake[1]: Entering directory '/user/4/.base/boukhrin/home/Documents/Version_Finale/cmake-build-debug/CMakeFiles/CMakeTmp'
Building CXX object CMakeFiles/cmTC_5cb34.dir/feature_tests.cxx.o
/opt/rh/devtoolset-9/root/usr/bin/c++    -std=c++11 -o CMakeFiles/cmTC_5cb34.dir/feature_tests.cxx.o -c /user/4/boukhrin/Documents/Version_Finale/cmake-build-debug/CMakeFiles/feature_tests.cxx
Linking CXX executable cmTC_5cb34
/opt/clion-2019.1.3/bin/cmake/linux/bin/cmake -E cmake_link_script CMakeFiles/cmTC_5cb34.dir/link.txt --verbose=1
/opt/rh/devtoolset-9/root/usr/bin/c++       -rdynamic CMakeFiles/cmTC_5cb34.dir/feature_tests.cxx.o  -o cmTC_5cb34 
gmake[1]: Leaving directory '/user/4/.base/boukhrin/home/Documents/Version_Finale/cmake-build-debug/CMakeFiles/CMakeTmp'


    Feature record: CXX_FEATURE:0cxx_aggregate_default_initializers
    Feature record: CXX_FEATURE:1cxx_alias_templates
    Feature record: CXX_FEATURE:1cxx_alignas
    Feature record: CXX_FEATURE:1cxx_alignof
    Feature record: CXX_FEATURE:1cxx_attributes
    Feature record: CXX_FEATURE:0cxx_attribute_deprecated
    Feature record: CXX_FEATURE:1cxx_auto_type
    Feature record: CXX_FEATURE:0cxx_binary_literals
    Feature record: CXX_FEATURE:1cxx_constexpr
    Feature record: CXX_FEATURE:0cxx_contextual_conversions
    Feature record: CXX_FEATURE:1cxx_decltype
    Feature record: CXX_FEATURE:0cxx_decltype_auto
    Feature record: CXX_FEATURE:1cxx_decltype_incomplete_return_types
    Feature record: CXX_FEATURE:1cxx_default_function_template_args
    Feature record: CXX_FEATURE:1cxx_defaulted_functions
    Feature record: CXX_FEATURE:1cxx_defaulted_move_initializers
    Feature record: CXX_FEATURE:1cxx_delegating_constructors
    Feature record: CXX_FEATURE:1cxx_deleted_functions
    Feature record: CXX_FEATURE:0cxx_digit_separators
    Feature record: CXX_FEATURE:1cxx_enum_forward_declarations
    Feature record: CXX_FEATURE:1cxx_explicit_conversions
    Feature record: CXX_FEATURE:1cxx_extended_friend_declarations
    Feature record: CXX_FEATURE:1cxx_extern_templates
    Feature record: CXX_FEATURE:1cxx_final
    Feature record: CXX_FEATURE:1cxx_func_identifier
    Feature record: CXX_FEATURE:1cxx_generalized_initializers
    Feature record: CXX_FEATURE:0cxx_generic_lambdas
    Feature record: CXX_FEATURE:1cxx_inheriting_constructors
    Feature record: CXX_FEATURE:1cxx_inline_namespaces
    Feature record: CXX_FEATURE:1cxx_lambdas
    Feature record: CXX_FEATURE:0cxx_lambda_init_captures
    Feature record: CXX_FEATURE:1cxx_local_type_template_args
    Feature record: CXX_FEATURE:1cxx_long_long_type
    Feature record: CXX_FEATURE:1cxx_noexcept
    Feature record: CXX_FEATURE:1cxx_nonstatic_member_init
    Feature record: CXX_FEATURE:1cxx_nullptr
    Feature record: CXX_FEATURE:1cxx_override
    Feature record: CXX_FEATURE:1cxx_range_for
    Feature record: CXX_FEATURE:1cxx_raw_string_literals
    Feature record: CXX_FEATURE:1cxx_reference_qualified_functions
    Feature record: CXX_FEATURE:0cxx_relaxed_constexpr
    Feature record: CXX_FEATURE:0cxx_return_type_deduction
    Feature record: CXX_FEATURE:1cxx_right_angle_brackets
    Feature record: CXX_FEATURE:1cxx_rvalue_references
    Feature record: CXX_FEATURE:1cxx_sizeof_member
    Feature record: CXX_FEATURE:1cxx_static_assert
    Feature record: CXX_FEATURE:1cxx_strong_enums
    Feature record: CXX_FEATURE:1cxx_template_template_parameters
    Feature record: CXX_FEATURE:1cxx_thread_local
    Feature record: CXX_FEATURE:1cxx_trailing_return_types
    Feature record: CXX_FEATURE:1cxx_unicode_literals
    Feature record: CXX_FEATURE:1cxx_uniform_initialization
    Feature record: CXX_FEATURE:1cxx_unrestricted_unions
    Feature record: CXX_FEATURE:1cxx_user_literals
    Feature record: CXX_FEATURE:0cxx_variable_templates
    Feature record: CXX_FEATURE:1cxx_variadic_macros
    Feature record: CXX_FEATURE:1cxx_variadic_templates


Detecting CXX [-std=c++98] compiler features compiled with the following output:
Change Dir: /user/4/boukhrin/Documents/Version_Finale/cmake-build-debug/CMakeFiles/CMakeTmp

Run Build Command(s):/opt/rh/devtoolset-9/root/usr/bin/gmake cmTC_8e835/fast 
/opt/rh/devtoolset-9/root/usr/bin/gmake -f CMakeFiles/cmTC_8e835.dir/build.make CMakeFiles/cmTC_8e835.dir/build
gmake[1]: Entering directory '/user/4/.base/boukhrin/home/Documents/Version_Finale/cmake-build-debug/CMakeFiles/CMakeTmp'
Building CXX object CMakeFiles/cmTC_8e835.dir/feature_tests.cxx.o
/opt/rh/devtoolset-9/root/usr/bin/c++    -std=c++98 -o CMakeFiles/cmTC_8e835.dir/feature_tests.cxx.o -c /user/4/boukhrin/Documents/Version_Finale/cmake-build-debug/CMakeFiles/feature_tests.cxx
Linking CXX executable cmTC_8e835
/opt/clion-2019.1.3/bin/cmake/linux/bin/cmake -E cmake_link_script CMakeFiles/cmTC_8e835.dir/link.txt --verbose=1
/opt/rh/devtoolset-9/root/usr/bin/c++       -rdynamic CMakeFiles/cmTC_8e835.dir/feature_tests.cxx.o  -o cmTC_8e835 
gmake[1]: Leaving directory '/user/4/.base/boukhrin/home/Documents/Version_Finale/cmake-build-debug/CMakeFiles/CMakeTmp'


    Feature record: CXX_FEATURE:0cxx_aggregate_default_initializers
    Feature record: CXX_FEATURE:0cxx_alias_templates
    Feature record: CXX_FEATURE:0cxx_alignas
    Feature record: CXX_FEATURE:0cxx_alignof
    Feature record: CXX_FEATURE:0cxx_attributes
    Feature record: CXX_FEATURE:0cxx_attribute_deprecated
    Feature record: CXX_FEATURE:0cxx_auto_type
    Feature record: CXX_FEATURE:0cxx_binary_literals
    Feature record: CXX_FEATURE:0cxx_constexpr
    Feature record: CXX_FEATURE:0cxx_contextual_conversions
    Feature record: CXX_FEATURE:0cxx_decltype
    Feature record: CXX_FEATURE:0cxx_decltype_auto
    Feature record: CXX_FEATURE:0cxx_decltype_incomplete_return_types
    Feature record: CXX_FEATURE:0cxx_default_function_template_args
    Feature record: CXX_FEATURE:0cxx_defaulted_functions
    Feature record: CXX_FEATURE:0cxx_defaulted_move_initializers
    Feature record: CXX_FEATURE:0cxx_delegating_constructors
    Feature record: CXX_FEATURE:0cxx_deleted_functions
    Feature record: CXX_FEATURE:0cxx_digit_separators
    Feature record: CXX_FEATURE:0cxx_enum_forward_declarations
    Feature record: CXX_FEATURE:0cxx_explicit_conversions
    Feature record: CXX_FEATURE:0cxx_extended_friend_declarations
    Feature record: CXX_FEATURE:0cxx_extern_templates
    Feature record: CXX_FEATURE:0cxx_final
    Feature record: CXX_FEATURE:0cxx_func_identifier
    Feature record: CXX_FEATURE:0cxx_generalized_initializers
    Feature record: CXX_FEATURE:0cxx_generic_lambdas
    Feature record: CXX_FEATURE:0cxx_inheriting_constructors
    Feature record: CXX_FEATURE:0cxx_inline_namespaces
    Feature record: CXX_FEATURE:0cxx_lambdas
    Feature record: CXX_FEATURE:0cxx_lambda_init_captures
    Feature record: CXX_FEATURE:0cxx_local_type_template_args
    Feature record: CXX_FEATURE:0cxx_long_long_type
    Feature record: CXX_FEATURE:0cxx_noexcept
    Feature record: CXX_FEATURE:0cxx_nonstatic_member_init
    Feature record: CXX_FEATURE:0cxx_nullptr
    Feature record: CXX_FEATURE:0cxx_override
    Feature record: CXX_FEATURE:0cxx_range_for
    Feature record: CXX_FEATURE:0cxx_raw_string_literals
    Feature record: CXX_FEATURE:0cxx_reference_qualified_functions
    Feature record: CXX_FEATURE:0cxx_relaxed_constexpr
    Feature record: CXX_FEATURE:0cxx_return_type_deduction
    Feature record: CXX_FEATURE:0cxx_right_angle_brackets
    Feature record: CXX_FEATURE:0cxx_rvalue_references
    Feature record: CXX_FEATURE:0cxx_sizeof_member
    Feature record: CXX_FEATURE:0cxx_static_assert
    Feature record: CXX_FEATURE:0cxx_strong_enums
    Feature record: CXX_FEATURE:1cxx_template_template_parameters
    Feature record: CXX_FEATURE:0cxx_thread_local
    Feature record: CXX_FEATURE:0cxx_trailing_return_types
    Feature record: CXX_FEATURE:0cxx_unicode_literals
    Feature record: CXX_FEATURE:0cxx_uniform_initialization
    Feature record: CXX_FEATURE:0cxx_unrestricted_unions
    Feature record: CXX_FEATURE:0cxx_user_literals
    Feature record: CXX_FEATURE:0cxx_variable_templates
    Feature record: CXX_FEATURE:0cxx_variadic_macros
    Feature record: CXX_FEATURE:0cxx_variadic_templates
